<?xml version="1.0" encoding="UTF-8"?>
<testsuite name="recursionsortinginclass.FactorialIteratorEx2Test" tests="6" skipped="0" failures="0" errors="0" timestamp="2024-12-10T20:29:47" hostname="Ryans-MacBook-Pro.local" time="0.005">
  <properties/>
  <testcase name="testNext()" classname="recursionsortinginclass.FactorialIteratorEx2Test" time="0.001"/>
  <testcase name="testFactorialUsingIterator()" classname="recursionsortinginclass.FactorialIteratorEx2Test" time="0.001"/>
  <testcase name="testFactorialUsingRecursion()" classname="recursionsortinginclass.FactorialIteratorEx2Test" time="0.001"/>
  <testcase name="testHasNext()" classname="recursionsortinginclass.FactorialIteratorEx2Test" time="0.001"/>
  <testcase name="testFactorialUsingIteration()" classname="recursionsortinginclass.FactorialIteratorEx2Test" time="0.0"/>
  <testcase name="testRemove()" classname="recursionsortinginclass.FactorialIteratorEx2Test" time="0.0"/>
  <system-out><![CDATA[]]></system-out>
  <system-err><![CDATA[]]></system-err>
</testsuite>
